2022-03-07 19:48:17,622 - INFO - OK
2022-03-07 19:48:17,648 - INFO - Connection Close
2022-03-07 19:48:17,653 - INFO - OK
2022-03-07 19:48:17,673 - INFO - Connection Close
2022-03-07 19:48:17,800 - INFO - Execution Successful.
2022-03-07 19:48:17,809 - INFO - Execution Successful.
2022-03-07 19:48:36,968 - INFO - OK
2022-03-07 19:48:36,993 - INFO - Connection Close
2022-03-07 19:48:36,998 - INFO - OK
2022-03-07 19:48:37,018 - INFO - Connection Close
2022-03-07 19:48:37,137 - INFO - Execution Successful.
2022-03-07 19:48:37,145 - INFO - Execution Successful.
2022-03-07 19:50:28,418 - INFO - OK
2022-03-07 19:50:28,443 - INFO - Connection Close
2022-03-07 19:50:28,448 - INFO - OK
2022-03-07 19:50:28,468 - INFO - Connection Close
2022-03-07 19:50:28,595 - INFO - Execution Successful.
2022-03-07 19:50:28,605 - INFO - Execution Successful.
2022-03-07 19:54:58,251 - INFO - OK
2022-03-07 19:54:58,292 - INFO - Connection Close
2022-03-07 19:54:58,297 - INFO - OK
2022-03-07 19:54:58,332 - INFO - Connection Close
2022-03-07 19:54:58,511 - INFO - Execution Successful.
2022-03-07 19:54:58,520 - INFO - Execution Successful.
2022-03-07 19:55:57,192 - INFO - OK
2022-03-07 19:55:57,217 - INFO - Connection Close
2022-03-07 19:55:57,221 - INFO - OK
2022-03-07 19:55:57,242 - INFO - Connection Close
2022-03-07 19:55:57,394 - INFO - Execution Successful.
2022-03-07 19:55:57,403 - INFO - Execution Successful.
2022-03-07 19:56:25,065 - INFO - OK
2022-03-07 19:56:25,110 - INFO - Connection Close
2022-03-07 19:56:25,117 - INFO - OK
2022-03-07 19:56:25,156 - INFO - Connection Close
2022-03-07 19:56:25,344 - INFO - Execution Successful.
2022-03-07 19:56:25,354 - INFO - Execution Successful.
2022-03-07 19:57:02,749 - INFO - OK
2022-03-07 19:57:02,777 - INFO - Connection Close
2022-03-07 19:57:02,783 - INFO - OK
2022-03-07 19:57:02,808 - INFO - Connection Close
2022-03-07 19:57:02,936 - INFO - Execution Successful.
2022-03-07 19:57:02,945 - INFO - Execution Successful.
2022-03-07 20:02:04,739 - INFO - Database connected
2022-03-07 20:02:04,785 - INFO - Connection Close
2022-03-07 20:02:04,791 - INFO - Database connected
2022-03-07 20:02:04,832 - INFO - Connection Close
2022-03-07 20:02:04,968 - INFO - Engine created
2022-03-07 20:02:05,019 - INFO - Execution Successful.
2022-03-07 20:02:05,028 - INFO - Execution Successful.
2022-03-07 20:02:52,770 - ERROR - Connection Error!
2022-03-07 20:02:52,770 - INFO - Database connected
2022-03-07 20:08:13,964 - INFO - Database connected
2022-03-07 20:08:14,015 - INFO - Connection Close
2022-03-07 20:08:14,021 - INFO - Database connected
2022-03-07 20:08:14,060 - INFO - Connection Close
2022-03-07 20:08:14,190 - INFO - Engine created
2022-03-07 20:08:14,241 - INFO - Execution Successful.
2022-03-07 20:08:14,250 - INFO - Execution Successful.
2022-03-07 20:24:22,535 - INFO - Database connected
2022-03-07 20:24:22,586 - INFO - Connection Close
2022-03-07 20:24:22,593 - INFO - Database connected
2022-03-07 20:24:22,632 - INFO - Connection Close
2022-03-07 20:25:03,514 - INFO - Database connected
2022-03-07 20:25:03,543 - INFO - Connection Close
2022-03-07 20:25:03,548 - INFO - Database connected
2022-03-07 20:25:03,577 - INFO - Connection Close
2022-03-07 20:25:03,699 - INFO - Engine created
2022-03-07 20:25:03,754 - INFO - Execution Successful.
2022-03-07 20:25:03,765 - INFO - Execution Successful.
2022-03-07 20:38:34,298 - INFO - Database connected
2022-03-07 20:38:34,346 - INFO - Connection Close
2022-03-07 20:38:34,351 - INFO - Database connected
2022-03-07 20:38:34,390 - INFO - Connection Close
2022-03-07 20:38:34,522 - INFO - Engine created
2022-03-07 20:38:34,573 - INFO - Execution Successful.
2022-03-07 20:38:34,582 - INFO - Execution Successful.
2022-03-07 20:39:02,812 - INFO - Database connected
2022-03-07 20:39:02,840 - INFO - Connection Close
2022-03-07 20:39:02,845 - INFO - Database connected
2022-03-07 20:39:02,869 - INFO - Connection Close
2022-03-07 20:39:02,964 - INFO - Engine created
2022-03-07 20:39:03,013 - INFO - Execution Successful.
2022-03-07 20:39:03,022 - INFO - Execution Successful.
2022-03-07 20:42:37,340 - INFO - Database connected
2022-03-07 20:42:37,406 - INFO - Connection Close
2022-03-07 20:42:37,413 - INFO - Database connected
2022-03-07 20:42:37,472 - INFO - Connection Close
2022-03-07 20:42:37,688 - INFO - Engine created
2022-03-07 20:42:37,761 - INFO - Execution Successful.
2022-03-07 20:42:37,788 - INFO - Execution Successful.
2022-03-07 20:42:41,910 - INFO - Database connected
2022-03-07 20:42:41,933 - INFO - Connection Close
2022-03-07 20:42:41,938 - INFO - Database connected
2022-03-07 20:42:41,959 - INFO - Connection Close
2022-03-07 20:42:42,045 - INFO - Engine created
2022-03-07 20:42:42,076 - INFO - Execution Successful.
2022-03-07 20:42:42,085 - INFO - Execution Successful.
